# JRE version: OpenJDK Runtime Environment Temurin-21.0.10+7 (21.0.10+7) (build 21.0.10+7-LTS)
# Java VM: OpenJDK 64-Bit Server VM Temurin-21.0.10+7 (21.0.10+7-LTS, mixed mode, sharing, tiered, compressed oops, compressed class ptrs, parallel gc, windows-amd64)
GC Precious Log:
 CardTable entry size: 512
 CPUs: 8 total, 8 available
 Memory: 16183M
 Large Page Support: Disabled
 NUMA Support: Disabled
 Compressed Oops: Enabled (32-bit)
 Alignments: Space 512K, Generation 512K, Heap 2M
 Heap Min Capacity: 100M
 Heap Initial Capacity: 100M
 Heap Max Capacity: 2G
 Pre-touch: Disabled
 Parallel Workers: 8
Heap:
 PSYoungGen      total 24576K, used 24390K [0x00000000d5580000, 0x00000000d7180000, 0x0000000100000000)
  eden space 22016K, 100% used [0x00000000d5580000,0x00000000d6b00000,0x00000000d6b00000)
  from space 2560K, 92% used [0x00000000d6f00000,0x00000000d7151a98,0x00000000d7180000)
  to   space 3072K, 0% used [0x00000000d6b80000,0x00000000d6b80000,0x00000000d6e80000)
 ParOldGen       total 68608K, used 31896K [0x0000000080000000, 0x0000000084300000, 0x00000000d5580000)
  object space 68608K, 46% used [0x0000000080000000,0x0000000081f26328,0x0000000084300000)
 Metaspace       used 58541K, committed 59904K, reserved 1114112K
  class space    used 6448K, committed 7040K, reserved 1048576K
GC Heap History (20 events):
Event: 29.030 GC heap before
{Heap before GC invocations=22 (full 2):
 PSYoungGen      total 23552K, used 23135K [0x00000000d5580000, 0x00000000d7100000, 0x0000000100000000)
  eden space 22016K, 99% used [0x00000000d5580000,0x00000000d6afff98,0x00000000d6b00000)
  from space 1536K, 72% used [0x00000000d6e80000,0x00000000d6f97f10,0x00000000d7000000)
  to   space 1024K, 0% used [0x00000000d7000000,0x00000000d7000000,0x00000000d7100000)
 ParOldGen       total 68608K, used 26110K [0x0000000080000000, 0x0000000084300000, 0x00000000d5580000)
  object space 68608K, 38% used [0x0000000080000000,0x000000008197f968,0x0000000084300000)
 Metaspace       used 50123K, committed 51264K, reserved 1114112K
  class space    used 5531K, committed 6016K, reserved 1048576K
}
Event: 29.035 GC heap after
{Heap after GC invocations=22 (full 2):
 PSYoungGen      total 23040K, used 1024K [0x00000000d5580000, 0x00000000d7100000, 0x0000000100000000)
  eden space 22016K, 0% used [0x00000000d5580000,0x00000000d5580000,0x00000000d6b00000)
  from space 1024K, 100% used [0x00000000d7000000,0x00000000d7100000,0x00000000d7100000)
  to   space 3072K, 0% used [0x00000000d6b00000,0x00000000d6b00000,0x00000000d6e00000)
 ParOldGen       total 68608K, used 27660K [0x0000000080000000, 0x0000000084300000, 0x00000000d5580000)
  object space 68608K, 40% used [0x0000000080000000,0x0000000081b033f8,0x0000000084300000)
 Metaspace       used 50123K, committed 51264K, reserved 1114112K
  class space    used 5531K, committed 6016K, reserved 1048576K
}
Event: 30.271 GC heap before
{Heap before GC invocations=23 (full 2):
 PSYoungGen      total 23040K, used 23040K [0x00000000d5580000, 0x00000000d7100000, 0x0000000100000000)
  eden space 22016K, 100% used [0x00000000d5580000,0x00000000d6b00000,0x00000000d6b00000)
  from space 1024K, 100% used [0x00000000d7000000,0x00000000d7100000,0x00000000d7100000)
  to   space 3072K, 0% used [0x00000000d6b00000,0x00000000d6b00000,0x00000000d6e00000)
 ParOldGen       total 68608K, used 27660K [0x0000000080000000, 0x0000000084300000, 0x00000000d5580000)
  object space 68608K, 40% used [0x0000000080000000,0x0000000081b033f8,0x0000000084300000)
 Metaspace       used 51235K, committed 52352K, reserved 1114112K
  class space    used 5632K, committed 6080K, reserved 1048576K
}
Event: 30.274 GC heap after
{Heap after GC invocations=23 (full 2):
 PSYoungGen      total 25088K, used 896K [0x00000000d5580000, 0x00000000d7080000, 0x0000000100000000)
  eden space 22016K, 0% used [0x00000000d5580000,0x00000000d5580000,0x00000000d6b00000)
  from space 3072K, 29% used [0x00000000d6b00000,0x00000000d6be0000,0x00000000d6e00000)
  to   space 1536K, 0% used [0x00000000d6f00000,0x00000000d6f00000,0x00000000d7080000)
 ParOldGen       total 68608K, used 28687K [0x0000000080000000, 0x0000000084300000, 0x00000000d5580000)
  object space 68608K, 41% used [0x0000000080000000,0x0000000081c03e18,0x0000000084300000)
 Metaspace       used 51235K, committed 52352K, reserved 1114112K
  class space    used 5632K, committed 6080K, reserved 1048576K
}
Event: 32.678 GC heap before
{Heap before GC invocations=24 (full 2):
 PSYoungGen      total 25088K, used 22912K [0x00000000d5580000, 0x00000000d7080000, 0x0000000100000000)
  eden space 22016K, 100% used [0x00000000d5580000,0x00000000d6b00000,0x00000000d6b00000)
  from space 3072K, 29% used [0x00000000d6b00000,0x00000000d6be0000,0x00000000d6e00000)
  to   space 1536K, 0% used [0x00000000d6f00000,0x00000000d6f00000,0x00000000d7080000)
 ParOldGen       total 68608K, used 28687K [0x0000000080000000, 0x0000000084300000, 0x00000000d5580000)
  object space 68608K, 41% used [0x0000000080000000,0x0000000081c03e18,0x0000000084300000)
 Metaspace       used 52642K, committed 53824K, reserved 1114112K
  class space    used 5808K, committed 6272K, reserved 1048576K
}
Event: 32.680 GC heap after
{Heap after GC invocations=24 (full 2):
 PSYoungGen      total 23552K, used 1509K [0x00000000d5580000, 0x00000000d7100000, 0x0000000100000000)
  eden space 22016K, 0% used [0x00000000d5580000,0x00000000d5580000,0x00000000d6b00000)
  from space 1536K, 98% used [0x00000000d6f00000,0x00000000d7079568,0x00000000d7080000)
  to   space 3072K, 0% used [0x00000000d6b00000,0x00000000d6b00000,0x00000000d6e00000)
 ParOldGen       total 68608K, used 29643K [0x0000000080000000, 0x0000000084300000, 0x00000000d5580000)
  object space 68608K, 43% used [0x0000000080000000,0x0000000081cf2e28,0x0000000084300000)
 Metaspace       used 52642K, committed 53824K, reserved 1114112K
  class space    used 5808K, committed 6272K, reserved 1048576K
}
Event: 35.176 GC heap before
{Heap before GC invocations=25 (full 2):
 PSYoungGen      total 23552K, used 23525K [0x00000000d5580000, 0x00000000d7100000, 0x0000000100000000)
  eden space 22016K, 100% used [0x00000000d5580000,0x00000000d6b00000,0x00000000d6b00000)
  from space 1536K, 98% used [0x00000000d6f00000,0x00000000d7079568,0x00000000d7080000)
  to   space 3072K, 0% used [0x00000000d6b00000,0x00000000d6b00000,0x00000000d6e00000)
 ParOldGen       total 68608K, used 29643K [0x0000000080000000, 0x0000000084300000, 0x00000000d5580000)
  object space 68608K, 43% used [0x0000000080000000,0x0000000081cf2e28,0x0000000084300000)
 Metaspace       used 53590K, committed 54784K, reserved 1114112K
  class space    used 5921K, committed 6400K, reserved 1048576K
}
Event: 35.179 GC heap after
{Heap after GC invocations=25 (full 2):
 PSYoungGen      total 23552K, used 1392K [0x00000000d5580000, 0x00000000d6f80000, 0x0000000100000000)
  eden space 22016K, 0% used [0x00000000d5580000,0x00000000d5580000,0x00000000d6b00000)
  from space 1536K, 90% used [0x00000000d6b00000,0x00000000d6c5c010,0x00000000d6c80000)
  to   space 2048K, 0% used [0x00000000d6d80000,0x00000000d6d80000,0x00000000d6f80000)
 ParOldGen       total 68608K, used 31057K [0x0000000080000000, 0x0000000084300000, 0x00000000d5580000)
  object space 68608K, 45% used [0x0000000080000000,0x0000000081e54670,0x0000000084300000)
 Metaspace       used 53590K, committed 54784K, reserved 1114112K
  class space    used 5921K, committed 6400K, reserved 1048576K
}
Event: 35.857 GC heap before
{Heap before GC invocations=26 (full 2):
 PSYoungGen      total 23552K, used 23408K [0x00000000d5580000, 0x00000000d6f80000, 0x0000000100000000)
  eden space 22016K, 100% used [0x00000000d5580000,0x00000000d6b00000,0x00000000d6b00000)
  from space 1536K, 90% used [0x00000000d6b00000,0x00000000d6c5c010,0x00000000d6c80000)
  to   space 2048K, 0% used [0x00000000d6d80000,0x00000000d6d80000,0x00000000d6f80000)
 ParOldGen       total 68608K, used 31057K [0x0000000080000000, 0x0000000084300000, 0x00000000d5580000)
  object space 68608K, 45% used [0x0000000080000000,0x0000000081e54670,0x0000000084300000)
 Metaspace       used 54924K, committed 56192K, reserved 1114112K
  class space    used 6065K, committed 6592K, reserved 1048576K
}
Event: 35.863 GC heap after
{Heap after GC invocations=26 (full 2):
 PSYoungGen      total 23552K, used 1271K [0x00000000d5580000, 0x00000000d6f00000, 0x0000000100000000)
  eden space 22016K, 0% used [0x00000000d5580000,0x00000000d5580000,0x00000000d6b00000)
  from space 1536K, 82% used [0x00000000d6d80000,0x00000000d6ebdf60,0x00000000d6f00000)
  to   space 1536K, 0% used [0x00000000d6b00000,0x00000000d6b00000,0x00000000d6c80000)
 ParOldGen       total 68608K, used 32265K [0x0000000080000000, 0x0000000084300000, 0x00000000d5580000)
  object space 68608K, 47% used [0x0000000080000000,0x0000000081f82670,0x0000000084300000)
 Metaspace       used 54924K, committed 56192K, reserved 1114112K
  class space    used 6065K, committed 6592K, reserved 1048576K
}
Event: 36.864 GC heap before
{Heap before GC invocations=27 (full 2):
 PSYoungGen      total 23552K, used 23287K [0x00000000d5580000, 0x00000000d6f00000, 0x0000000100000000)
  eden space 22016K, 100% used [0x00000000d5580000,0x00000000d6b00000,0x00000000d6b00000)
  from space 1536K, 82% used [0x00000000d6d80000,0x00000000d6ebdf60,0x00000000d6f00000)
  to   space 1536K, 0% used [0x00000000d6b00000,0x00000000d6b00000,0x00000000d6c80000)
 ParOldGen       total 68608K, used 32265K [0x0000000080000000, 0x0000000084300000, 0x00000000d5580000)
  object space 68608K, 47% used [0x0000000080000000,0x0000000081f82670,0x0000000084300000)
 Metaspace       used 55146K, committed 56448K, reserved 1114112K
  class space    used 6080K, committed 6592K, reserved 1048576K
}
Event: 36.868 GC heap after
{Heap after GC invocations=27 (full 2):
 PSYoungGen      total 23552K, used 896K [0x00000000d5580000, 0x00000000d6e00000, 0x0000000100000000)
  eden space 22016K, 0% used [0x00000000d5580000,0x00000000d5580000,0x00000000d6b00000)
  from space 1536K, 58% used [0x00000000d6b00000,0x00000000d6be0000,0x00000000d6c80000)
  to   space 1536K, 0% used [0x00000000d6c80000,0x00000000d6c80000,0x00000000d6e00000)
 ParOldGen       total 68608K, used 33268K [0x0000000080000000, 0x0000000084300000, 0x00000000d5580000)
  object space 68608K, 48% used [0x0000000080000000,0x000000008207d180,0x0000000084300000)
 Metaspace       used 55146K, committed 56448K, reserved 1114112K
  class space    used 6080K, committed 6592K, reserved 1048576K
}
Event: 37.381 GC heap before
{Heap before GC invocations=28 (full 2):
 PSYoungGen      total 23552K, used 22912K [0x00000000d5580000, 0x00000000d6e00000, 0x0000000100000000)
  eden space 22016K, 100% used [0x00000000d5580000,0x00000000d6b00000,0x00000000d6b00000)
  from space 1536K, 58% used [0x00000000d6b00000,0x00000000d6be0000,0x00000000d6c80000)
  to   space 1536K, 0% used [0x00000000d6c80000,0x00000000d6c80000,0x00000000d6e00000)
 ParOldGen       total 68608K, used 33268K [0x0000000080000000, 0x0000000084300000, 0x00000000d5580000)
  object space 68608K, 48% used [0x0000000080000000,0x000000008207d180,0x0000000084300000)
 Metaspace       used 57291K, committed 58624K, reserved 1114112K
  class space    used 6326K, committed 6912K, reserved 1048576K
}
Event: 37.384 GC heap after
{Heap after GC invocations=28 (full 2):
 PSYoungGen      total 23552K, used 1223K [0x00000000d5580000, 0x00000000d6e00000, 0x0000000100000000)
  eden space 22016K, 0% used [0x00000000d5580000,0x00000000d5580000,0x00000000d6b00000)
  from space 1536K, 79% used [0x00000000d6c80000,0x00000000d6db1c58,0x00000000d6e00000)
  to   space 1536K, 0% used [0x00000000d6b00000,0x00000000d6b00000,0x00000000d6c80000)
 ParOldGen       total 68608K, used 34545K [0x0000000080000000, 0x0000000084300000, 0x00000000d5580000)
  object space 68608K, 50% used [0x0000000080000000,0x00000000821bc690,0x0000000084300000)
 Metaspace       used 57291K, committed 58624K, reserved 1114112K
  class space    used 6326K, committed 6912K, reserved 1048576K
}
Event: 37.657 GC heap before
{Heap before GC invocations=29 (full 2):
 PSYoungGen      total 23552K, used 15140K [0x00000000d5580000, 0x00000000d6e00000, 0x0000000100000000)
  eden space 22016K, 63% used [0x00000000d5580000,0x00000000d63176d8,0x00000000d6b00000)
  from space 1536K, 79% used [0x00000000d6c80000,0x00000000d6db1c58,0x00000000d6e00000)
  to   space 1536K, 0% used [0x00000000d6b00000,0x00000000d6b00000,0x00000000d6c80000)
 ParOldGen       total 68608K, used 34545K [0x0000000080000000, 0x0000000084300000, 0x00000000d5580000)
  object space 68608K, 50% used [0x0000000080000000,0x00000000821bc690,0x0000000084300000)
 Metaspace       used 58421K, committed 59776K, reserved 1114112K
  class space    used 6436K, committed 7040K, reserved 1048576K
}
Event: 37.667 GC heap after
{Heap after GC invocations=29 (full 2):
 PSYoungGen      total 23552K, used 1529K [0x00000000d5580000, 0x00000000d7300000, 0x0000000100000000)
  eden space 22016K, 0% used [0x00000000d5580000,0x00000000d5580000,0x00000000d6b00000)
  from space 1536K, 99% used [0x00000000d6b00000,0x00000000d6c7e5e8,0x00000000d6c80000)
  to   space 4096K, 0% used [0x00000000d6f00000,0x00000000d6f00000,0x00000000d7300000)
 ParOldGen       total 68608K, used 36356K [0x0000000080000000, 0x0000000084300000, 0x00000000d5580000)
  object space 68608K, 52% used [0x0000000080000000,0x0000000082381090,0x0000000084300000)
 Metaspace       used 58421K, committed 59776K, reserved 1114112K
  class space    used 6436K, committed 7040K, reserved 1048576K
}
Event: 37.667 GC heap before
{Heap before GC invocations=30 (full 3):
 PSYoungGen      total 23552K, used 1529K [0x00000000d5580000, 0x00000000d7300000, 0x0000000100000000)
  eden space 22016K, 0% used [0x00000000d5580000,0x00000000d5580000,0x00000000d6b00000)
  from space 1536K, 99% used [0x00000000d6b00000,0x00000000d6c7e5e8,0x00000000d6c80000)
  to   space 4096K, 0% used [0x00000000d6f00000,0x00000000d6f00000,0x00000000d7300000)
 ParOldGen       total 68608K, used 36356K [0x0000000080000000, 0x0000000084300000, 0x00000000d5580000)
  object space 68608K, 52% used [0x0000000080000000,0x0000000082381090,0x0000000084300000)
 Metaspace       used 58421K, committed 59776K, reserved 1114112K
  class space    used 6436K, committed 7040K, reserved 1048576K
}
Event: 37.793 GC heap after
{Heap after GC invocations=30 (full 3):
 PSYoungGen      total 23552K, used 0K [0x00000000d5580000, 0x00000000d7300000, 0x0000000100000000)
  eden space 22016K, 0% used [0x00000000d5580000,0x00000000d5580000,0x00000000d6b00000)
  from space 1536K, 0% used [0x00000000d6b00000,0x00000000d6b00000,0x00000000d6c80000)
  to   space 4096K, 0% used [0x00000000d6f00000,0x00000000d6f00000,0x00000000d7300000)
 ParOldGen       total 68608K, used 31888K [0x0000000080000000, 0x0000000084300000, 0x00000000d5580000)
  object space 68608K, 46% used [0x0000000080000000,0x0000000081f24328,0x0000000084300000)
 Metaspace       used 58414K, committed 59776K, reserved 1114112K
  class space    used 6434K, committed 7040K, reserved 1048576K
}
Event: 38.005 GC heap before
{Heap before GC invocations=31 (full 3):
 PSYoungGen      total 23552K, used 22016K [0x00000000d5580000, 0x00000000d7300000, 0x0000000100000000)
  eden space 22016K, 100% used [0x00000000d5580000,0x00000000d6b00000,0x00000000d6b00000)
  from space 1536K, 0% used [0x00000000d6b00000,0x00000000d6b00000,0x00000000d6c80000)
  to   space 4096K, 0% used [0x00000000d6f00000,0x00000000d6f00000,0x00000000d7300000)
 ParOldGen       total 68608K, used 31888K [0x0000000080000000, 0x0000000084300000, 0x00000000d5580000)
  object space 68608K, 46% used [0x0000000080000000,0x0000000081f24328,0x0000000084300000)
 Metaspace       used 58452K, committed 59840K, reserved 1114112K
  class space    used 6435K, committed 7040K, reserved 1048576K
}
Event: 38.007 GC heap after
{Heap after GC invocations=31 (full 3):
 PSYoungGen      total 24576K, used 2374K [0x00000000d5580000, 0x00000000d7180000, 0x0000000100000000)
  eden space 22016K, 0% used [0x00000000d5580000,0x00000000d5580000,0x00000000d6b00000)
  from space 2560K, 92% used [0x00000000d6f00000,0x00000000d7151a98,0x00000000d7180000)
  to   space 3072K, 0% used [0x00000000d6b80000,0x00000000d6b80000,0x00000000d6e80000)
 ParOldGen       total 68608K, used 31896K [0x0000000080000000, 0x0000000084300000, 0x00000000d5580000)
  object space 68608K, 46% used [0x0000000080000000,0x0000000081f26328,0x0000000084300000)
 Metaspace       used 58452K, committed 59840K, reserved 1114112K
  class space    used 6435K, committed 7040K, reserved 1048576K
}

